     1                                  bits 32
     2                                  
     3                                  global start
     4                                  
     5                                  ; declare external functions needed by our program
     6                                  extern exit, fopen, fprintf, fclose
     7                                  import exit msvcrt.dll
     8                                  import fopen msvcrt.dll
     9                                  import fprintf msvcrt.dll
    10                                  import fclose msvcrt.dll
    11                                  
    12                                  ; our data is declared here (the variables needed by our program)
    13                                  segment data use32 class=data
    14 00000000 616E612E74787400            file_name db "ana.txt", 0   ; filename to be created
    15 00000008 7700                        access_mode db "w", 0       ; file access mode:
    16                                                                  ; w - creates an empty file for writing
    17 0000000A FFFFFFFF                    file_descriptor dd -1       ; variable to hold the file descriptor
    18 0000000E 416E61206172652031-         text db "Ana are 17 mere.", 0  ; text to be write to file
    18 00000017 37206D6572652E00   
    19                                      len equ ($-text)
    20 0000001F 58                          change db "X"
    21 00000020 02                          two db 2
    22                                  
    23                                  ; our code starts here
    24                                  segment code use32 class=code
    25                                      start:
    26                                          ;A file name and a text (defined in the data segment) are given. The text contains lowercase letters, digits and spaces. Replace all the digits with the character ‘X’. Create the file with the given name
    27 00000000 68[08000000]                    push dword access_mode     
    28 00000005 68[00000000]                    push dword file_name
    29 0000000A FF15[00000000]                  call [fopen]
    30 00000010 83C408                          add esp, 4*2                ; clean-up the stack
    31                                  
    32 00000013 A3[0A000000]                    mov [file_descriptor], eax  ; store the file descriptor returned by fopen
    33                                          
    34                                          ; check if fopen() has successfully created the file (EAX != 0)
    35 00000018 83F800                          cmp eax, 0
    36 0000001B 7449                            je final
    37 0000001D B911000000                      mov ecx,len
    38 00000022 BE00000000                      mov esi, 0
    39                                          loop_1:
    40 00000027 8A86[0E000000]                      mov al, [text+esi]
    41 0000002D 3C39                                cmp al, '9'                     ;test if the character is a digit
    42 0000002F 770F                                ja end_loop
    43 00000031 3C30                                    cmp al, '0'
    44 00000033 7C0B                                    jl end_loop
    45 00000035 A0[1F000000]                                mov al ,[change]           ;change the character with X
    46 0000003A 8886[0E000000]                              mov [text+esi],al
    47                                              end_loop:
    48 00000040 46                                  inc esi 
    49 00000041 E2E4                            loop loop_1
    50                                          ; write the text to file using fprintf()
    51                                          ; fprintf(file_descriptor, text)
    52 00000043 68[0E000000]                    push dword text
    53 00000048 FF35[0A000000]                  push dword [file_descriptor]
    54 0000004E FF15[00000000]                  call [fprintf]
    55 00000054 83C408                          add esp, 4*2
    56                                  
    57                                          ; call fclose() to close the file
    58                                          ; fclose(file_descriptor)
    59 00000057 FF35[0A000000]                  push dword [file_descriptor]
    60 0000005D FF15[00000000]                  call [fclose]
    61 00000063 83C404                          add esp, 4
    62                                  
    63                                        final:
    64                                  
    65                                          ; exit(0)
    66 00000066 6A00                            push dword 0      
    67 00000068 FF15[00000000]                  call [exit]
