     1                                  bits 32
     2                                  
     3                                  global start        
     4                                  
     5                                  ; declare extern functions used by the programme
     6                                  extern exit, printf, scanf ; add printf and scanf as extern functions            
     7                                  import exit msvcrt.dll    
     8                                  import printf msvcrt.dll    ; tell the assembler that function printf is found in msvcrt.dll library
     9                                  import scanf msvcrt.dll     ; similar for scanf
    10                                                            
    11                                  segment data use32 class=data
    12 00000000 00000000                    a dd 0
    13 00000004 00000000                    max dd 0
    14 00000008 613D00                      message1 db "a=",0
    15 0000000B 256400                      format db "%d",0
    16                                  segment  code use32 class=code ; code segment
    17                                      start:
    18                                          citire:
    19 00000000 68[08000000]                        push dword message1
    20 00000005 FF15[00000000]                      call [printf]
    21 0000000B 83C404                              add esp,4
    22                                              
    23 0000000E 68[00000000]                        push dword a
    24 00000013 68[0B000000]                        push dword format
    25 00000018 FF15[00000000]                      call[scanf]
    26 0000001E 83C408                              add esp,4*2
    27                                              
    28 00000021 A1[00000000]                        mov eax,[a]
    29 00000026 83F800                              cmp eax,0
    30 00000029 740F                                je final
    31 0000002B 3B05[04000000]                      cmp eax,[max]
    32 00000031 7605                                jbe nuebun
    33 00000033 A3[04000000]                            mov [max],eax
    34                                              nuebun:
    35 00000038 EBC6                                jmp citire
    36                                          final:
    37 0000003A A1[04000000]                    mov eax,[max]
    38                                          
    39 0000003F 50                              push eax
    40 00000040 68[0B000000]                    push dword format
    41 00000045 FF15[00000000]                  call[printf]
    42 0000004B 83C408                          add esp,4*2
    43 0000004E FF15[00000000]              call [exit]
    44                                              
