     1                                  bits 32
     2                                  
     3                                  global start
     4                                  
     5                                  ; declare external functions needed by our program
     6                                  extern exit, fopen, fprintf, fclose ,printf, scanf
     7                                  import exit msvcrt.dll
     8                                  import fopen msvcrt.dll
     9                                  import fprintf msvcrt.dll
    10                                  import fclose msvcrt.dll
    11                                  import printf msvcrt.dll    
    12                                  import scanf msvcrt.dll     
    13                                  
    14                                  ; our data is declared here (the variables needed by our program)
    15                                  segment data use32 class=data
    16 00000000 00000000                    n dd 0
    17 00000004 00000000                    cuvant dd 0
    18 00000008 613D00                      message1 db "a=",0
    19 0000000B 637576616E743D00            message2 db "cuvant=",0
    20 00000013 256400                      format db "%d",0
    21 00000016 25730A0D00                  format2 db "%s",10,13,0
    22 0000001B 707470726163746963-         file_name db "ptpractic.txt",0
    22 00000024 2E74787400         
    23 00000029 6100                        access_mode db "a",0
    24 0000002B FFFFFFFF                    file_descriptor dd -1
    25                                  segment  code use32 class=code ; code segment
    26                                      start:
    27 00000000 68[29000000]                push dword access_mode     
    28 00000005 68[1B000000]                push dword file_name
    29 0000000A FF15[00000000]              call [fopen]
    30 00000010 83C408                      add esp, 4*2                ; clean-up the stack
    31                                  
    32 00000013 A3[2B000000]                mov [file_descriptor], eax  ; store the file descriptor returned by fopen
    33                                              
    34 00000018 83F800                      cmp eax, 0
    35 0000001B 7468                        je final
    36                                          ;pana aici deschid fisierul
    37 0000001D 68[08000000]                push dword message1
    38 00000022 FF15[00000000]              call[printf]
    39 00000028 83C404                      add esp,4
    40                                      
    41 0000002B 68[00000000]                push dword n
    42 00000030 68[13000000]                push dword format
    43 00000035 FF15[00000000]              call[scanf]
    44 0000003B 83C408                      add esp,4*2
    45                                      citire:
    46                                          
    47 0000003E 60                              pushad
    48 0000003F 68[0B000000]                    push dword message2
    49 00000044 FF15[00000000]                  call [printf]
    50 0000004A 83C404                          add esp,4
    51                                          
    52 0000004D 68[04000000]                    push dword cuvant
    53 00000052 68[16000000]                    push dword format2
    54 00000057 FF15[00000000]                  call[scanf]
    55 0000005D 83C408                          add esp,4*2
    56                                          
    57 00000060 803D[04000000]23                cmp byte[cuvant],"#"
    58 00000067 741C                            je final 
    59                                                  ;aici scrii
    60 00000069 68[04000000]                             push dword cuvant
    61 0000006E 68[16000000]                             push dword format2
    62 00000073 FF35[2B000000]                           push dword [file_descriptor]
    63 00000079 FF15[00000000]                           call [fprintf]
    64 0000007F 83C408                                   add esp, 4*2
    65 00000082 61                              popad
    66 00000083 EBB9                            jmp citire
    67                                          final:
    68 00000085 FF35[2B000000]                  push dword [file_descriptor]
    69 0000008B FF15[00000000]                  call [fclose]
    70 00000091 83C404                          add esp, 4
    71 00000094 FF15[00000000]              call [exit]
    72                                          
    73                                          
